<?xml version="1.0" encoding="UTF-8"?>
<!-- Generated by org.testng.reporters.JUnitXMLReporter -->
<testsuite ignored="0" hostname="MacBook-Air-Pavel.local" failures="0" tests="3" name="Default test" time="0.102" errors="0" timestamp="01 Aug 2018 10:43:10 GMT">
  <testcase classname="by.htp.testng.ComplexSimpleTestExample" name="testSmthREg1" time="0.019"/>
  <testcase classname="by.htp.testng.ComplexSimpleTestExample" name="testSomething2" time="0.008"/>
  <testcase classname="by.htp.testng.ComplexSimpleTestExample" name="testSomething3" time="0.015"/>
</testsuite> <!-- Default test -->
