<?xml version="1.0" encoding="UTF-8"?>
<!-- Generated by org.testng.reporters.JUnitXMLReporter -->
<testsuite hostname="ECHTP-53-18" name="SecondSimpleTest" tests="3" failures="0" timestamp="23 Jul 2018 17:38:30 GMT" time="0.015" errors="0">
  <testcase name="testSmth1" time="0.0" classname="by.htp.testng.SimpleTestExample"/>
  <testcase name="testSomething2" time="0.0" classname="by.htp.testng.SimpleTestExample"/>
  <testcase name="testSomething3" time="0.0" classname="by.htp.testng.SimpleTestExample"/>
</testsuite> <!-- SecondSimpleTest -->
