<?xml version="1.0" encoding="UTF-8"?>
<!-- Generated by org.testng.reporters.JUnitXMLReporter -->
<testsuite ignored="10" hostname="MacBook-Air-Pavel.local" failures="0" tests="3" name="SimpleTest" time="0.105" errors="0" timestamp="01 Aug 2018 16:10:51 GMT">
  <testcase classname="by.htp.testng.SimpleTestExample" name="testSmthW" time="0.021"/>
  <testcase classname="by.htp.testng.SimpleTestExample" name="testSomething" time="0.002"/>
  <testcase classname="by.htp.testng.SimpleTestExample" name="testSomething2W" time="0.007"/>
  <testcase classname="by.htp.testng.TestDataProviderExample" name="doSmth" time="0.0">
    <ignored/>
  </testcase> <!-- doSmth -->
  <testcase classname="by.htp.testng.ComplexSimpleTestExample" name="testSomething2" time="0.0">
    <ignored/>
  </testcase> <!-- testSomething2 -->
  <testcase classname="by.htp.testng.TestDataProviderExample" name="testSendLetter" time="0.0">
    <ignored/>
  </testcase> <!-- testSendLetter -->
  <testcase classname="by.htp.testng.TestDataProviderExample" name="doSmthCp" time="0.0">
    <ignored/>
  </testcase> <!-- doSmthCp -->
  <testcase classname="by.htp.testng.ComplexSimpleTestExample" name="testSomething3" time="0.0">
    <ignored/>
  </testcase> <!-- testSomething3 -->
  <testcase classname="by.htp.testng.SimpleTestExample" name="testSomething2" time="0.0">
    <ignored/>
  </testcase> <!-- testSomething2 -->
  <testcase classname="by.htp.testng.SimpleTestExample" name="testSomething3W" time="0.0">
    <ignored/>
  </testcase> <!-- testSomething3W -->
  <testcase classname="by.htp.testng.SimpleTestExample" name="testSomething3" time="0.0">
    <ignored/>
  </testcase> <!-- testSomething3 -->
  <testcase classname="by.htp.testng.ComplexSimpleTestExample" name="testSmthREg1" time="0.0">
    <ignored/>
  </testcase> <!-- testSmthREg1 -->
  <testcase classname="by.htp.testng.SimpleTestExample" name="testSmth1" time="0.0">
    <ignored/>
  </testcase> <!-- testSmth1 -->
</testsuite> <!-- SimpleTest -->
