<?xml version="1.0" encoding="UTF-8"?>
<!-- Generated by org.testng.reporters.JUnitXMLReporter -->
<testsuite hostname="ECHTP-53-18" name="SimpleTest" tests="3" failures="0" timestamp="23 Jul 2018 18:36:17 GMT" time="0.031" errors="0">
  <testcase name="testSmthW" time="0.015" classname="by.htp.testng.SimpleTestExample"/>
  <testcase name="testSomething" time="0.0" classname="by.htp.testng.SimpleTestExample"/>
  <testcase name="testSomething2W" time="0.0" classname="by.htp.testng.SimpleTestExample"/>
</testsuite> <!-- SimpleTest -->
