<?xml version="1.0" encoding="UTF-8"?>
<testng-results ignored="10" total="13" passed="3" failed="0" skipped="0">
  <reporter-output>
  </reporter-output>
  <suite started-at="2018-08-01T16:10:51Z" name="SimpleSuite" finished-at="2018-08-01T16:10:51Z" duration-ms="105">
    <groups>
      <group name="chrome.login">
        <method signature="SimpleTestExample.testSmthW(java.lang.String, java.lang.String)[pri:0, instance:by.htp.testng.SimpleTestExample@11fc564b]" name="testSmthW" class="by.htp.testng.SimpleTestExample"/>
        <method signature="SimpleTestExample.testSomething(int)[pri:0, instance:by.htp.testng.SimpleTestExample@11fc564b]" name="testSomething" class="by.htp.testng.SimpleTestExample"/>
        <method signature="SimpleTestExample.testSomething2W(java.lang.String, java.lang.String)[pri:0, instance:by.htp.testng.SimpleTestExample@11fc564b]" name="testSomething2W" class="by.htp.testng.SimpleTestExample"/>
      </group> <!-- chrome.login -->
      <group name="firefox.login">
        <method signature="SimpleTestExample.testSmthW(java.lang.String, java.lang.String)[pri:0, instance:by.htp.testng.SimpleTestExample@11fc564b]" name="testSmthW" class="by.htp.testng.SimpleTestExample"/>
        <method signature="SimpleTestExample.testSomething(int)[pri:0, instance:by.htp.testng.SimpleTestExample@11fc564b]" name="testSomething" class="by.htp.testng.SimpleTestExample"/>
        <method signature="SimpleTestExample.testSomething2W(java.lang.String, java.lang.String)[pri:0, instance:by.htp.testng.SimpleTestExample@11fc564b]" name="testSomething2W" class="by.htp.testng.SimpleTestExample"/>
      </group> <!-- firefox.login -->
    </groups>
    <test started-at="2018-08-01T16:10:51Z" name="SimpleTest" finished-at="2018-08-01T16:10:51Z" duration-ms="105">
      <class name="by.htp.testng.SimpleTestExample">
        <test-method signature="testSmthW(java.lang.String, java.lang.String)[pri:0, instance:by.htp.testng.SimpleTestExample@11fc564b]" started-at="2018-08-01T16:10:51Z" name="testSmthW" finished-at="2018-08-01T16:10:51Z" duration-ms="21" status="PASS">
          <params>
            <param index="0">
              <value>
                <![CDATA[tathtp]]>
              </value>
            </param>
            <param index="1">
              <value>
                <![CDATA[Klopik123]]>
              </value>
            </param>
          </params>
          <reporter-output>
          </reporter-output>
        </test-method> <!-- testSmthW -->
        <test-method signature="testSomething(int)[pri:0, instance:by.htp.testng.SimpleTestExample@11fc564b]" started-at="2018-08-01T16:10:51Z" name="testSomething" finished-at="2018-08-01T16:10:51Z" duration-ms="2" status="PASS">
          <params>
            <param index="0">
              <value>
                <![CDATA[5]]>
              </value>
            </param>
          </params>
          <reporter-output>
          </reporter-output>
        </test-method> <!-- testSomething -->
        <test-method signature="testSomething2W(java.lang.String, java.lang.String)[pri:0, instance:by.htp.testng.SimpleTestExample@11fc564b]" started-at="2018-08-01T16:10:51Z" name="testSomething2W" finished-at="2018-08-01T16:10:51Z" duration-ms="7" status="PASS">
          <params>
            <param index="0">
              <value>
                <![CDATA[tathtp]]>
              </value>
            </param>
            <param index="1">
              <value>
                <![CDATA[Klopik123]]>
              </value>
            </param>
          </params>
          <reporter-output>
          </reporter-output>
        </test-method> <!-- testSomething2W -->
      </class> <!-- by.htp.testng.SimpleTestExample -->
    </test> <!-- SimpleTest -->
  </suite> <!-- SimpleSuite -->
</testng-results>
